2021-08-16T14:01:16+00:00 CRITICAL Uncaught Error: Class 'MyApp\Admin\WC_Payment_Gateway' not found in E:\laragon\www\ps4task\wp-content\plugins\woocommerce-new-payment\includes\Admin\Admin.php:5
Stack trace:
#0 E:\laragon\www\ps4task\wp-content\plugins\woocommerce-new-payment\vendor\composer\ClassLoader.php(480): include()
#1 E:\laragon\www\ps4task\wp-content\plugins\woocommerce-new-payment\vendor\composer\ClassLoader.php(346): Composer\Autoload\includeFile('E:\\laragon\\www\\...')
#2 [internal function]: Composer\Autoload\ClassLoader->loadClass('MyApp\\Admin\\Adm...')
#3 E:\laragon\www\ps4task\wp-content\plugins\woocommerce-new-payment\index.php(19): spl_autoload_call('MyApp\\Admin\\Adm...')
#4 E:\laragon\www\ps4task\wp-includes\class-wp-hook.php(303): misha_init_gateway_class('')
#5 E:\laragon\www\ps4task\wp-includes\class-wp-hook.php(327): WP_Hook->apply_filters(NULL, Array)
#6 E:\laragon\www\ps4task\wp-includes\plugin.php(470): WP_Hook->do_action(Array)
#7 E:\laragon\www\ps4task\wp-settings.php(441): do_action('plugins_loaded')
#8 E:\lara in E:\laragon\www\ps4task\wp-content\plugins\woocommerce-new-payment\includes\Admin\Admin.php on line 5

2021-08-16T14:01:18+00:00 CRITICAL Uncaught Error: Class 'MyApp\Admin\WC_Payment_Gateway' not found in E:\laragon\www\ps4task\wp-content\plugins\woocommerce-new-payment\includes\Admin\Admin.php:5
Stack trace:
#0 E:\laragon\www\ps4task\wp-content\plugins\woocommerce-new-payment\vendor\composer\ClassLoader.php(480): include()
#1 E:\laragon\www\ps4task\wp-content\plugins\woocommerce-new-payment\vendor\composer\ClassLoader.php(346): Composer\Autoload\includeFile('E:\\laragon\\www\\...')
#2 [internal function]: Composer\Autoload\ClassLoader->loadClass('MyApp\\Admin\\Adm...')
#3 E:\laragon\www\ps4task\wp-content\plugins\woocommerce-new-payment\index.php(19): spl_autoload_call('MyApp\\Admin\\Adm...')
#4 E:\laragon\www\ps4task\wp-includes\class-wp-hook.php(303): misha_init_gateway_class('')
#5 E:\laragon\www\ps4task\wp-includes\class-wp-hook.php(327): WP_Hook->apply_filters(NULL, Array)
#6 E:\laragon\www\ps4task\wp-includes\plugin.php(470): WP_Hook->do_action(Array)
#7 E:\laragon\www\ps4task\wp-settings.php(441): do_action('plugins_loaded')
#8 E:\lara in E:\laragon\www\ps4task\wp-content\plugins\woocommerce-new-payment\includes\Admin\Admin.php on line 5

